<?xml version="1.0" encoding="UTF-8"?>
<robot generator="Robot 7.0 (Python 3.11.7 on darwin)" generated="2024-04-18T17:35:53.017612" rpa="false" schemaversion="5">
<suite id="s1" name="Demo" source="/Users/guillaumethibault/Documents/flojoy/repo/robot/demo.robot">
<test id="s1-t1" name="Another Test" line="12">
<kw name="Should Be Equal" owner="BuiltIn">
<arg>${MESSAGE}</arg>
<arg>Hello, world!</arg>
<doc>Fails if the given objects are unequal.</doc>
<status status="PASS" start="2024-04-18T17:35:53.047167" elapsed="0.000247"/>
</kw>
<status status="PASS" start="2024-04-18T17:35:53.046490" elapsed="0.001050"/>
</test>
<doc>Example using the pipe separated format.</doc>
<status status="PASS" start="2024-04-18T17:35:53.019272" elapsed="0.028571"/>
</suite>
<statistics>
<total>
<stat pass="1" fail="0" skip="0">All Tests</stat>
</total>
<tag>
</tag>
<suite>
<stat pass="1" fail="0" skip="0" id="s1" name="Demo">Demo</stat>
</suite>
</statistics>
<errors>
</errors>
</robot>
